TN:
SF:src/controllers/helpers/http.js
FN:1,badRequest
FN:8,created
FN:14,serverError
FN:22,ok
FN:28,notFound
FNF:5
FNH:1
FNDA:0,badRequest
FNDA:1,created
FNDA:0,serverError
FNDA:0,ok
FNDA:0,notFound
DA:1,1
DA:2,0
DA:3,0
DA:4,0
DA:5,0
DA:6,0
DA:7,1
DA:8,1
DA:9,1
DA:10,1
DA:11,1
DA:12,1
DA:13,1
DA:14,1
DA:15,0
DA:16,0
DA:17,0
DA:18,0
DA:19,0
DA:20,0
DA:21,0
DA:22,1
DA:23,0
DA:24,0
DA:25,0
DA:26,0
DA:27,0
DA:28,1
DA:29,0
DA:30,0
DA:31,0
DA:32,0
DA:33,0
LF:33
LH:11
BRDA:8,0,0,1
BRF:1
BRH:1
end_of_record
TN:
SF:src/controllers/helpers/index.js
FN:1,get
FN:2,get
FN:3,get
FN:4,get
FNF:4
FNH:1
FNDA:1,get
FNDA:0,get
FNDA:0,get
FNDA:0,get
DA:1,1
DA:2,0
DA:3,0
DA:4,0
LF:4
LH:1
BRDA:1,0,0,5
BRDA:1,1,0,0
BRDA:1,2,0,0
BRDA:1,3,0,0
BRDA:1,4,0,1
BRDA:2,5,0,5
BRDA:2,6,0,0
BRDA:2,7,0,0
BRDA:2,8,0,0
BRDA:3,9,0,5
BRDA:3,10,0,0
BRDA:3,11,0,0
BRDA:3,12,0,0
BRDA:4,13,0,5
BRDA:4,14,0,0
BRDA:4,15,0,0
BRDA:4,16,0,0
BRF:17
BRH:5
end_of_record
TN:
SF:src/controllers/helpers/transaction.js
FN:4,checkIfAmountIsValid
FN:15,invalidAmountResponse
FN:20,invalidTypeResponse
FN:25,checkIfTypeIsValid
FN:28,transactionNotFoundResponse
FNF:5
FNH:0
FNDA:0,checkIfAmountIsValid
FNDA:0,invalidAmountResponse
FNDA:0,invalidTypeResponse
FNDA:0,checkIfTypeIsValid
FNDA:0,transactionNotFoundResponse
DA:1,1
DA:2,1
DA:3,1
DA:4,1
DA:5,0
DA:6,0
DA:7,0
DA:8,0
DA:9,0
DA:10,0
DA:11,0
DA:12,0
DA:13,0
DA:14,1
DA:15,1
DA:16,0
DA:17,0
DA:18,0
DA:19,1
DA:20,1
DA:21,0
DA:22,0
DA:23,0
DA:24,1
DA:25,1
DA:26,0
DA:27,1
DA:28,1
DA:29,0
DA:30,0
LF:30
LH:12
BRF:0
BRH:0
end_of_record
TN:
SF:src/controllers/helpers/users.js
FN:4,invalidPasswordResponse
FN:9,emailIsAlreadyInUseResponse
FN:14,userNotFoundResponse
FN:19,checkIfPasswordIsValid
FN:21,checkIfEmailIsValid
FNF:5
FNH:0
FNDA:0,invalidPasswordResponse
FNDA:0,emailIsAlreadyInUseResponse
FNDA:0,userNotFoundResponse
FNDA:0,checkIfPasswordIsValid
FNDA:0,checkIfEmailIsValid
DA:1,1
DA:2,1
DA:3,1
DA:4,1
DA:5,0
DA:6,0
DA:7,0
DA:8,1
DA:9,1
DA:10,0
DA:11,0
DA:12,0
DA:13,1
DA:14,1
DA:15,0
DA:16,0
DA:17,0
DA:18,1
DA:19,1
DA:20,1
DA:21,1
LF:21
LH:12
BRF:0
BRH:0
end_of_record
TN:
SF:src/controllers/helpers/validations.js
FN:4,checkIfIdIsValid
FN:6,invalidIdResponse
FN:11,requiredFieldIsMissingResponse
FN:16,checkIfIsString
FN:18,validateRequiredFields
FNF:5
FNH:0
FNDA:0,checkIfIdIsValid
FNDA:0,invalidIdResponse
FNDA:0,requiredFieldIsMissingResponse
FNDA:0,checkIfIsString
FNDA:0,validateRequiredFields
DA:1,1
DA:2,1
DA:3,1
DA:4,1
DA:5,1
DA:6,1
DA:7,0
DA:8,0
DA:9,0
DA:10,1
DA:11,1
DA:12,0
DA:13,0
DA:14,0
DA:15,1
DA:16,1
DA:17,1
DA:18,1
DA:19,0
DA:20,0
DA:21,0
DA:22,0
DA:23,0
DA:24,0
DA:25,0
DA:26,0
DA:27,0
DA:28,0
DA:29,0
DA:30,0
DA:31,0
DA:32,0
DA:33,0
DA:34,0
DA:35,0
DA:36,0
DA:37,0
LF:37
LH:12
BRF:0
BRH:0
end_of_record
TN:
SF:src/controllers/users/create-user.js
FN:7,CreateUserController
FN:10,execute
FNF:2
FNH:2
FNDA:1,CreateUserController
FNDA:1,execute
DA:1,1
DA:2,1
DA:3,1
DA:4,1
DA:5,1
DA:6,1
DA:7,1
DA:8,1
DA:9,1
DA:10,1
DA:11,1
DA:12,1
DA:13,1
DA:14,1
DA:15,1
DA:16,1
DA:17,1
DA:18,1
DA:19,1
DA:20,0
DA:21,0
DA:22,0
DA:23,0
DA:24,0
DA:25,0
DA:26,0
DA:27,0
DA:28,0
DA:29,0
DA:30,1
DA:31,1
LF:31
LH:21
BRDA:7,0,0,1
BRDA:10,1,0,1
BRDA:19,2,0,0
BRF:3
BRH:2
end_of_record
TN:
SF:src/errors/user.js
FN:2,EmailAlreadyInUseError
FN:9,UserNotFoundError
FNF:2
FNH:0
FNDA:0,EmailAlreadyInUseError
FNDA:0,UserNotFoundError
DA:1,1
DA:2,1
DA:3,0
DA:4,0
DA:5,0
DA:6,1
DA:7,1
DA:8,1
DA:9,1
DA:10,0
DA:11,0
DA:12,0
DA:13,1
LF:13
LH:7
BRF:0
BRH:0
end_of_record
TN:
SF:src/schemas/user.js
FNF:0
FNH:0
DA:1,1
DA:2,1
DA:3,1
DA:4,1
DA:5,1
DA:6,1
DA:7,1
DA:8,1
DA:9,1
DA:10,1
DA:11,1
DA:12,1
DA:13,1
DA:14,1
DA:15,1
DA:16,1
DA:17,1
DA:18,1
DA:19,1
DA:20,1
DA:21,1
DA:22,1
DA:23,1
DA:24,1
DA:25,1
DA:26,1
DA:27,1
DA:28,1
DA:29,1
DA:30,1
DA:31,1
DA:32,1
DA:33,1
DA:34,1
DA:35,1
DA:36,1
DA:37,1
DA:38,1
DA:39,1
LF:39
LH:39
BRF:0
BRH:0
end_of_record
